e:\code\qt\maze\maze\debug\qrc_maze.obj
e:\code\qt\maze\maze\debug\vc110.pdb
e:\code\qt\maze\maze\debug\maze.obj
e:\code\qt\maze\maze\debug\main.obj
e:\code\qt\maze\maze\debug\openglwidget.obj
e:\code\qt\maze\maze\debug\moc_maze.obj
e:\code\qt\maze\maze\debug\moc_openglwidget.obj
e:\code\qt\maze\maze\debug\maze_map.obj
e:\code\qt\maze\maze\generatedfiles\debug\moc_maze.cpp
e:\code\qt\maze\maze\generatedfiles\ui_maze.h
e:\code\qt\maze\maze\generatedfiles\qrc_maze.cpp
e:\code\qt\maze\maze\generatedfiles\debug\moc_openglwidget.cpp
e:\code\qt\maze\maze\debug\cl.command.1.tlog
e:\code\qt\maze\maze\debug\cl.read.1.tlog
e:\code\qt\maze\maze\debug\cl.write.1.tlog
e:\code\qt\maze\maze\debug\custombuild.command.1.tlog
e:\code\qt\maze\maze\debug\custombuild.read.1.tlog
e:\code\qt\maze\maze\debug\custombuild.write.1.tlog
e:\code\qt\maze\maze\debug\link-cvtres.read.1.tlog
e:\code\qt\maze\maze\debug\link-cvtres.write.1.tlog
e:\code\qt\maze\maze\debug\link-rc.read.1.tlog
e:\code\qt\maze\maze\debug\link-rc.write.1.tlog
e:\code\qt\maze\maze\debug\link.command.1.tlog
e:\code\qt\maze\maze\debug\link.read.1.tlog
e:\code\qt\maze\maze\debug\link.write.1.tlog
e:\code\qt\maze\win32\debug\maze.exe
