e:\code\qt\maze\maze\x64\release\qrc_maze.obj
e:\code\qt\maze\maze\x64\release\openglwidget.obj
e:\code\qt\maze\maze\x64\release\maze_map.obj
e:\code\qt\maze\maze\x64\release\maze.obj
e:\code\qt\maze\maze\x64\release\main.obj
e:\code\qt\maze\maze\x64\release\moc_openglwidget.obj
e:\code\qt\maze\maze\x64\release\moc_maze.obj
e:\code\qt\maze\maze\generatedfiles\release\moc_maze.cpp
e:\code\qt\maze\maze\generatedfiles\ui_maze.h
e:\code\qt\maze\maze\generatedfiles\release\moc_openglwidget.cpp
e:\code\qt\maze\maze\generatedfiles\qrc_maze.cpp
e:\code\qt\maze\x64\release\maze.exe
e:\code\qt\maze\maze\x64\release\maze.tlog\cl.command.1.tlog
e:\code\qt\maze\maze\x64\release\maze.tlog\cl.read.1.tlog
e:\code\qt\maze\maze\x64\release\maze.tlog\cl.write.1.tlog
e:\code\qt\maze\maze\x64\release\maze.tlog\custombuild.command.1.tlog
e:\code\qt\maze\maze\x64\release\maze.tlog\custombuild.read.1.tlog
e:\code\qt\maze\maze\x64\release\maze.tlog\custombuild.write.1.tlog
e:\code\qt\maze\maze\x64\release\maze.tlog\link.command.1.tlog
e:\code\qt\maze\maze\x64\release\maze.tlog\link.read.1.tlog
e:\code\qt\maze\maze\x64\release\maze.tlog\link.write.1.tlog
